INFO: 2022-06-24 09:47:34,206 | src.utils.logger:97 - <module> | --------------------------------------------------
INFO: 2022-06-24 09:47:34,206 | src.utils.logger:98 - <module> | Start at host: es-home
INFO: 2022-06-24 09:47:34,502 | src.deconz.deconz:54 - run | INIT
INFO: 2022-06-24 09:47:34,707 | src.deconz.deconz:54 - run | CONFIG_RCV
INFO: 2022-06-24 09:47:34,711 | src.deconz.sensors:49 - __run | Датчик 7 получил данные
INFO: 2022-06-24 20:52:54,770 | src.utils.logger:99 - <module> | --------------------------------------------------
INFO: 2022-06-24 20:52:54,771 | src.utils.logger:100 - <module> | Start at host: es-home
INFO: 2022-06-24 20:52:55,011 | src.deconz.deconz:54 - run | INIT
INFO: 2022-06-24 20:52:55,173 | src.deconz.deconz:54 - run | CONFIG_RCV
INFO: 2022-06-24 20:52:55,176 | src.deconz.sensors:49 - __run | Датчик 7 получил данные
INFO: 2022-06-25 08:34:38,566 | src.utils.logger:99 - <module> | --------------------------------------------------
INFO: 2022-06-25 08:34:38,567 | src.utils.logger:100 - <module> | Start at host: es-home
INFO: 2022-06-25 08:34:38,858 | src.deconz.deconz:54 - run | INIT
INFO: 2022-06-25 08:34:39,030 | src.deconz.deconz:54 - run | CONFIG_RCV
INFO: 2022-06-25 08:34:39,032 | src.deconz.sensors:53 - __run | Датчик 7 получил данные
INFO: 2022-06-25 08:34:58,362 | src.utils.logger:99 - <module> | --------------------------------------------------
INFO: 2022-06-25 08:34:58,362 | src.utils.logger:100 - <module> | Start at host: es-home
INFO: 2022-06-25 08:34:58,621 | src.deconz.deconz:54 - run | INIT
INFO: 2022-06-25 08:34:58,796 | src.deconz.deconz:54 - run | CONFIG_RCV
INFO: 2022-06-25 08:34:58,802 | src.deconz.sensors:53 - __run | Датчик 7 получил данные
DEBUG: 2022-06-25 08:34:58,803 | src.deconz.sensors:54 - __run | config=SensorConfig(battery=100, on=True, reachable=True, temperature=3000) ep=1 etag='bd22425f45ed2bb1261a512db511c993' lastannounced=None lastseen=datetime.datetime(2022, 6, 25, 5, 34, tzinfo=datetime.timezone.utc) manufacturername='LUMI' modelid='lumi.sensor_magnet.aq2' name='Window / Door Sensor' state=SensorOpenCloseState(lastupdated=datetime.datetime(2022, 6, 25, 5, 34, 43, 510000), opened=False) swversion='20161128' type_sensor='ZHAOpenClose' uniqueid='00:15:8d:00:03:21:44:8c-01-0006'
DEBUG: 2022-06-25 08:34:58,916 | src.deconz.sensors:59 - __run | <src.deconz.sensors.OpenClose object at 0x7f76cc1136a0>: в очереди новое сообщение: True
DEBUG: 2022-06-25 08:34:59,813 | src.deconz.sensors:59 - __run | <src.deconz.sensors.OpenClose object at 0x7f76cc1136a0>: в очереди новое сообщение: False
DEBUG: 2022-06-25 08:35:00,252 | src.deconz.sensors:59 - __run | <src.deconz.sensors.OpenClose object at 0x7f76cc1136a0>: в очереди новое сообщение: True
DEBUG: 2022-06-25 08:35:00,553 | src.deconz.sensors:59 - __run | <src.deconz.sensors.OpenClose object at 0x7f76cc1136a0>: в очереди новое сообщение: False
DEBUG: 2022-06-25 08:35:00,925 | src.deconz.sensors:59 - __run | <src.deconz.sensors.OpenClose object at 0x7f76cc1136a0>: в очереди новое сообщение: True
DEBUG: 2022-06-25 08:35:01,284 | src.deconz.sensors:59 - __run | <src.deconz.sensors.OpenClose object at 0x7f76cc1136a0>: в очереди новое сообщение: False
DEBUG: 2022-06-25 08:35:01,715 | src.deconz.sensors:59 - __run | <src.deconz.sensors.OpenClose object at 0x7f76cc1136a0>: в очереди новое сообщение: True
DEBUG: 2022-06-25 08:35:02,071 | src.deconz.sensors:59 - __run | <src.deconz.sensors.OpenClose object at 0x7f76cc1136a0>: в очереди новое сообщение: False
DEBUG: 2022-06-25 08:35:02,500 | src.deconz.sensors:59 - __run | <src.deconz.sensors.OpenClose object at 0x7f76cc1136a0>: в очереди новое сообщение: True
DEBUG: 2022-06-25 08:35:02,805 | src.deconz.sensors:59 - __run | <src.deconz.sensors.OpenClose object at 0x7f76cc1136a0>: в очереди новое сообщение: False
DEBUG: 2022-06-25 08:35:03,294 | src.deconz.sensors:59 - __run | <src.deconz.sensors.OpenClose object at 0x7f76cc1136a0>: в очереди новое сообщение: True
DEBUG: 2022-06-25 08:35:03,637 | src.deconz.sensors:59 - __run | <src.deconz.sensors.OpenClose object at 0x7f76cc1136a0>: в очереди новое сообщение: False
DEBUG: 2022-06-25 08:35:06,893 | src.deconz.sensors:59 - __run | <src.deconz.sensors.OpenClose object at 0x7f76cc1136a0>: в очереди новое сообщение: True
DEBUG: 2022-06-25 08:35:07,229 | src.deconz.sensors:59 - __run | <src.deconz.sensors.OpenClose object at 0x7f76cc1136a0>: в очереди новое сообщение: False
DEBUG: 2022-06-25 08:35:07,589 | src.deconz.sensors:59 - __run | <src.deconz.sensors.OpenClose object at 0x7f76cc1136a0>: в очереди новое сообщение: True
DEBUG: 2022-06-25 08:35:07,804 | src.deconz.sensors:59 - __run | <src.deconz.sensors.OpenClose object at 0x7f76cc1136a0>: в очереди новое сообщение: False
DEBUG: 2022-06-25 08:35:08,256 | src.deconz.sensors:59 - __run | <src.deconz.sensors.OpenClose object at 0x7f76cc1136a0>: в очереди новое сообщение: True
DEBUG: 2022-06-25 08:35:08,481 | src.deconz.sensors:59 - __run | <src.deconz.sensors.OpenClose object at 0x7f76cc1136a0>: в очереди новое сообщение: False
DEBUG: 2022-06-25 08:35:09,262 | src.deconz.sensors:59 - __run | <src.deconz.sensors.OpenClose object at 0x7f76cc1136a0>: в очереди новое сообщение: False
DEBUG: 2022-06-25 08:35:09,729 | src.deconz.sensors:59 - __run | <src.deconz.sensors.OpenClose object at 0x7f76cc1136a0>: в очереди новое сообщение: True
DEBUG: 2022-06-25 08:35:10,305 | src.deconz.sensors:59 - __run | <src.deconz.sensors.OpenClose object at 0x7f76cc1136a0>: в очереди новое сообщение: False
DEBUG: 2022-06-25 08:35:10,903 | src.deconz.sensors:59 - __run | <src.deconz.sensors.OpenClose object at 0x7f76cc1136a0>: в очереди новое сообщение: True
DEBUG: 2022-06-25 08:35:11,388 | src.deconz.sensors:59 - __run | <src.deconz.sensors.OpenClose object at 0x7f76cc1136a0>: в очереди новое сообщение: False
DEBUG: 2022-06-25 08:41:14,748 | src.deconz.sensors:59 - __run | <src.deconz.sensors.OpenClose object at 0x7f76cc1136a0>: в очереди новое сообщение: False
ERROR: 2022-06-25 08:43:55,673 | asyncio:1744 - default_exception_handler | Task was destroyed but it is pending!
source_traceback: Object created at (most recent call last):
  File "/usr/lib/python3.10/runpy.py", line 196, in _run_module_as_main
    return _run_code(code, main_globals, None,
  File "/usr/lib/python3.10/runpy.py", line 86, in _run_code
    exec(code, run_globals)
  File "/home/konstantin/.vscode/extensions/ms-python.python-2022.8.0/pythonFiles/lib/python/debugpy/__main__.py", line 45, in <module>
    cli.main()
  File "/home/konstantin/.vscode/extensions/ms-python.python-2022.8.0/pythonFiles/lib/python/debugpy/../debugpy/server/cli.py", line 444, in main
    run()
  File "/home/konstantin/.vscode/extensions/ms-python.python-2022.8.0/pythonFiles/lib/python/debugpy/../debugpy/server/cli.py", line 331, in run_module
    run_module_as_main(target_as_str, alter_argv=True)
  File "/usr/lib/python3.10/runpy.py", line 196, in _run_module_as_main
    return _run_code(code, main_globals, None,
  File "/usr/lib/python3.10/runpy.py", line 86, in _run_code
    exec(code, run_globals)
  File "/home/konstantin/documents/projects/smarthome/src/server/src/main.py", line 28, in <module>
    main()
  File "/home/konstantin/documents/projects/smarthome/src/server/src/main.py", line 24, in main
    asyncio.run(run(), debug=True)
  File "/usr/lib/python3.10/asyncio/runners.py", line 44, in run
    return loop.run_until_complete(main)
  File "/usr/lib/python3.10/asyncio/base_events.py", line 633, in run_until_complete
    self.run_forever()
  File "/usr/lib/python3.10/asyncio/base_events.py", line 600, in run_forever
    self._run_once()
  File "/usr/lib/python3.10/asyncio/base_events.py", line 1888, in _run_once
    handle._run()
  File "/usr/lib/python3.10/asyncio/events.py", line 80, in _run
    self._context.run(self._callback, *self._args)
  File "/home/konstantin/documents/projects/smarthome/src/server/src/main.py", line 17, in run
    asyncio.create_task(sensor1.run()),
  File "/usr/lib/python3.10/asyncio/tasks.py", line 337, in create_task
    task = loop.create_task(coro)
task: <Task cancelling name='Task-3' coro=<OpenClose.run() running at /home/konstantin/documents/projects/smarthome/src/server/src/deconz/sensors.py:42> cb=[gather.<locals>._done_callback() at /usr/lib/python3.10/asyncio/tasks.py:720] created at /usr/lib/python3.10/asyncio/tasks.py:337>
